# JRE version: Java(TM) SE Runtime Environment (8.0_151-b12) (build 1.8.0_151-b12)
# Java VM: Java HotSpot(TM) 64-Bit Server VM (25.151-b12 mixed mode windows-amd64 compressed oops)
Heap:
 PSYoungGen      total 673792K, used 337920K [0x0000000782400000, 0x00000007bff00000, 0x00000007c0000000)
  eden space 337920K, 100% used [0x0000000782400000,0x0000000796e00000,0x0000000796e00000)
  from space 335872K, 0% used [0x00000007ab700000,0x00000007ab700000,0x00000007bff00000)
  to   space 336384K, 0% used [0x0000000796e00000,0x0000000796e00000,0x00000007ab680000)
 ParOldGen       total 2023424K, used 2008663K [0x0000000706c00000, 0x0000000782400000, 0x0000000782400000)
  object space 2023424K, 99% used [0x0000000706c00000,0x0000000781595d58,0x0000000782400000)
 Metaspace       used 88889K, capacity 89666K, committed 90264K, reserved 1128448K
  class space    used 10407K, capacity 10530K, committed 10648K, reserved 1048576K
GC Heap History (10 events):
Event: 979.439 GC heap after
Heap after GC invocations=214 (full 154):
 PSYoungGen      total 673792K, used 131991K [0x0000000782400000, 0x00000007bff00000, 0x00000007c0000000)
  eden space 337920K, 39% used [0x0000000782400000,0x000000078a4e5d38,0x0000000796e00000)
  from space 335872K, 0% used [0x00000007ab700000,0x00000007ab700000,0x00000007bff00000)
  to   space 336384K, 0% used [0x0000000796e00000,0x0000000796e00000,0x00000007ab680000)
 ParOldGen       total 2023424K, used 2008663K [0x0000000706c00000, 0x0000000782400000, 0x0000000782400000)
  object space 2023424K, 99% used [0x0000000706c00000,0x0000000781595d58,0x0000000782400000)
 Metaspace       used 88883K, capacity 89666K, committed 90264K, reserved 1128448K
  class space    used 10407K, capacity 10530K, committed 10648K, reserved 1048576K
}
Event: 979.966 GC heap before
{Heap before GC invocations=215 (full 155):
 PSYoungGen      total 673792K, used 337920K [0x0000000782400000, 0x00000007bff00000, 0x00000007c0000000)
  eden space 337920K, 100% used [0x0000000782400000,0x0000000796e00000,0x0000000796e00000)
  from space 335872K, 0% used [0x00000007ab700000,0x00000007ab700000,0x00000007bff00000)
  to   space 336384K, 0% used [0x0000000796e00000,0x0000000796e00000,0x00000007ab680000)
 ParOldGen       total 2023424K, used 2008663K [0x0000000706c00000, 0x0000000782400000, 0x0000000782400000)
  object space 2023424K, 99% used [0x0000000706c00000,0x0000000781595d58,0x0000000782400000)
 Metaspace       used 88883K, capacity 89666K, committed 90264K, reserved 1128448K
  class space    used 10407K, capacity 10530K, committed 10648K, reserved 1048576K
Event: 982.586 GC heap after
Heap after GC invocations=215 (full 155):
 PSYoungGen      total 673792K, used 132420K [0x0000000782400000, 0x00000007bff00000, 0x00000007c0000000)
  eden space 337920K, 39% used [0x0000000782400000,0x000000078a551100,0x0000000796e00000)
  from space 335872K, 0% used [0x00000007ab700000,0x00000007ab700000,0x00000007bff00000)
  to   space 336384K, 0% used [0x0000000796e00000,0x0000000796e00000,0x00000007ab680000)
 ParOldGen       total 2023424K, used 2008663K [0x0000000706c00000, 0x0000000782400000, 0x0000000782400000)
  object space 2023424K, 99% used [0x0000000706c00000,0x0000000781595d58,0x0000000782400000)
 Metaspace       used 88883K, capacity 89666K, committed 90264K, reserved 1128448K
  class space    used 10407K, capacity 10530K, committed 10648K, reserved 1048576K
}
Event: 983.070 GC heap before
{Heap before GC invocations=216 (full 156):
 PSYoungGen      total 673792K, used 337920K [0x0000000782400000, 0x00000007bff00000, 0x00000007c0000000)
  eden space 337920K, 100% used [0x0000000782400000,0x0000000796e00000,0x0000000796e00000)
  from space 335872K, 0% used [0x00000007ab700000,0x00000007ab700000,0x00000007bff00000)
  to   space 336384K, 0% used [0x0000000796e00000,0x0000000796e00000,0x00000007ab680000)
 ParOldGen       total 2023424K, used 2008663K [0x0000000706c00000, 0x0000000782400000, 0x0000000782400000)
  object space 2023424K, 99% used [0x0000000706c00000,0x0000000781595d58,0x0000000782400000)
 Metaspace       used 88883K, capacity 89666K, committed 90264K, reserved 1128448K
  class space    used 10407K, capacity 10530K, committed 10648K, reserved 1048576K
Event: 985.597 GC heap after
Heap after GC invocations=216 (full 156):
 PSYoungGen      total 673792K, used 132082K [0x0000000782400000, 0x00000007bff00000, 0x00000007c0000000)
  eden space 337920K, 39% used [0x0000000782400000,0x000000078a4fc898,0x0000000796e00000)
  from space 335872K, 0% used [0x00000007ab700000,0x00000007ab700000,0x00000007bff00000)
  to   space 336384K, 0% used [0x0000000796e00000,0x0000000796e00000,0x00000007ab680000)
 ParOldGen       total 2023424K, used 2008663K [0x0000000706c00000, 0x0000000782400000, 0x0000000782400000)
  object space 2023424K, 99% used [0x0000000706c00000,0x0000000781595d58,0x0000000782400000)
 Metaspace       used 88883K, capacity 89666K, committed 90264K, reserved 1128448K
  class space    used 10407K, capacity 10530K, committed 10648K, reserved 1048576K
}
Event: 986.236 GC heap before
{Heap before GC invocations=217 (full 157):
 PSYoungGen      total 673792K, used 337920K [0x0000000782400000, 0x00000007bff00000, 0x00000007c0000000)
  eden space 337920K, 100% used [0x0000000782400000,0x0000000796e00000,0x0000000796e00000)
  from space 335872K, 0% used [0x00000007ab700000,0x00000007ab700000,0x00000007bff00000)
  to   space 336384K, 0% used [0x0000000796e00000,0x0000000796e00000,0x00000007ab680000)
 ParOldGen       total 2023424K, used 2008663K [0x0000000706c00000, 0x0000000782400000, 0x0000000782400000)
  object space 2023424K, 99% used [0x0000000706c00000,0x0000000781595d58,0x0000000782400000)
 Metaspace       used 88889K, capacity 89666K, committed 90264K, reserved 1128448K
  class space    used 10407K, capacity 10530K, committed 10648K, reserved 1048576K
Event: 988.770 GC heap after
Heap after GC invocations=217 (full 157):
 PSYoungGen      total 673792K, used 132511K [0x0000000782400000, 0x00000007bff00000, 0x00000007c0000000)
  eden space 337920K, 39% used [0x0000000782400000,0x000000078a567df8,0x0000000796e00000)
  from space 335872K, 0% used [0x00000007ab700000,0x00000007ab700000,0x00000007bff00000)
  to   space 336384K, 0% used [0x0000000796e00000,0x0000000796e00000,0x00000007ab680000)
 ParOldGen       total 2023424K, used 2008663K [0x0000000706c00000, 0x0000000782400000, 0x0000000782400000)
  object space 2023424K, 99% used [0x0000000706c00000,0x0000000781595d58,0x0000000782400000)
 Metaspace       used 88889K, capacity 89666K, committed 90264K, reserved 1128448K
  class space    used 10407K, capacity 10530K, committed 10648K, reserved 1048576K
}
Event: 989.202 GC heap before
{Heap before GC invocations=218 (full 158):
 PSYoungGen      total 673792K, used 337920K [0x0000000782400000, 0x00000007bff00000, 0x00000007c0000000)
  eden space 337920K, 100% used [0x0000000782400000,0x0000000796e00000,0x0000000796e00000)
  from space 335872K, 0% used [0x00000007ab700000,0x00000007ab700000,0x00000007bff00000)
  to   space 336384K, 0% used [0x0000000796e00000,0x0000000796e00000,0x00000007ab680000)
 ParOldGen       total 2023424K, used 2008663K [0x0000000706c00000, 0x0000000782400000, 0x0000000782400000)
  object space 2023424K, 99% used [0x0000000706c00000,0x0000000781595d58,0x0000000782400000)
 Metaspace       used 88889K, capacity 89666K, committed 90264K, reserved 1128448K
  class space    used 10407K, capacity 10530K, committed 10648K, reserved 1048576K
Event: 991.797 GC heap after
Heap after GC invocations=218 (full 158):
 PSYoungGen      total 673792K, used 132176K [0x0000000782400000, 0x00000007bff00000, 0x00000007c0000000)
  eden space 337920K, 39% used [0x0000000782400000,0x000000078a5142d0,0x0000000796e00000)
  from space 335872K, 0% used [0x00000007ab700000,0x00000007ab700000,0x00000007bff00000)
  to   space 336384K, 0% used [0x0000000796e00000,0x0000000796e00000,0x00000007ab680000)
 ParOldGen       total 2023424K, used 2008663K [0x0000000706c00000, 0x0000000782400000, 0x0000000782400000)
  object space 2023424K, 99% used [0x0000000706c00000,0x0000000781595d58,0x0000000782400000)
 Metaspace       used 88889K, capacity 89666K, committed 90264K, reserved 1128448K
  class space    used 10407K, capacity 10530K, committed 10648K, reserved 1048576K
}
Event: 992.607 GC heap before
{Heap before GC invocations=219 (full 159):
 PSYoungGen      total 673792K, used 337920K [0x0000000782400000, 0x00000007bff00000, 0x00000007c0000000)
  eden space 337920K, 100% used [0x0000000782400000,0x0000000796e00000,0x0000000796e00000)
  from space 335872K, 0% used [0x00000007ab700000,0x00000007ab700000,0x00000007bff00000)
  to   space 336384K, 0% used [0x0000000796e00000,0x0000000796e00000,0x00000007ab680000)
 ParOldGen       total 2023424K, used 2008663K [0x0000000706c00000, 0x0000000782400000, 0x0000000782400000)
  object space 2023424K, 99% used [0x0000000706c00000,0x0000000781595d58,0x0000000782400000)
 Metaspace       used 88889K, capacity 89666K, committed 90264K, reserved 1128448K
  class space    used 10407K, capacity 10530K, committed 10648K, reserved 1048576K

