# JRE version: Java(TM) SE Runtime Environment (8.0_151-b12) (build 1.8.0_151-b12)
# Java VM: Java HotSpot(TM) 64-Bit Server VM (25.151-b12 mixed mode windows-amd64 compressed oops)
Heap:
 PSYoungGen      total 395776K, used 163438K [0x0000000782400000, 0x00000007a1d80000, 0x00000007c0000000)
  eden space 371712K, 43% used [0x0000000782400000,0x000000078c39ba60,0x0000000798f00000)
  from space 24064K, 0% used [0x0000000798f00000,0x0000000798f00000,0x000000079a680000)
  to   space 26624K, 0% used [0x00000007a0380000,0x00000007a0380000,0x00000007a1d80000)
 ParOldGen       total 186368K, used 46449K [0x0000000706c00000, 0x0000000712200000, 0x0000000782400000)
  object space 186368K, 24% used [0x0000000706c00000,0x000000070995c710,0x0000000712200000)
 Metaspace       used 65775K, capacity 66820K, committed 67072K, reserved 1107968K
  class space    used 7879K, capacity 8100K, committed 8192K, reserved 1048576K
GC Heap History (10 events):
Event: 39.740 GC heap before
{Heap before GC invocations=12 (full 2):
 PSYoungGen      total 251904K, used 247076K [0x0000000782400000, 0x0000000796600000, 0x00000007c0000000)
  eden space 236032K, 100% used [0x0000000782400000,0x0000000790a80000,0x0000000790a80000)
  from space 15872K, 69% used [0x0000000790a80000,0x0000000791549378,0x0000000791a00000)
  to   space 15872K, 0% used [0x0000000795680000,0x0000000795680000,0x0000000796600000)
 ParOldGen       total 128512K, used 23696K [0x0000000706c00000, 0x000000070e980000, 0x0000000782400000)
  object space 128512K, 18% used [0x0000000706c00000,0x00000007083241c0,0x000000070e980000)
 Metaspace       used 43603K, capacity 44262K, committed 44544K, reserved 1087488K
  class space    used 5402K, capacity 5593K, committed 5632K, reserved 1048576K
Event: 39.777 GC heap after
Heap after GC invocations=12 (full 2):
 PSYoungGen      total 309248K, used 14861K [0x0000000782400000, 0x0000000796580000, 0x00000007c0000000)
  eden space 293888K, 0% used [0x0000000782400000,0x0000000782400000,0x0000000794300000)
  from space 15360K, 96% used [0x0000000795680000,0x0000000796503630,0x0000000796580000)
  to   space 16896K, 0% used [0x0000000794480000,0x0000000794480000,0x0000000795500000)
 ParOldGen       total 128512K, used 23696K [0x0000000706c00000, 0x000000070e980000, 0x0000000782400000)
  object space 128512K, 18% used [0x0000000706c00000,0x00000007083241c0,0x000000070e980000)
 Metaspace       used 43603K, capacity 44262K, committed 44544K, reserved 1087488K
  class space    used 5402K, capacity 5593K, committed 5632K, reserved 1048576K
}
Event: 48.120 GC heap before
{Heap before GC invocations=13 (full 2):
 PSYoungGen      total 309248K, used 308749K [0x0000000782400000, 0x0000000796580000, 0x00000007c0000000)
  eden space 293888K, 100% used [0x0000000782400000,0x0000000794300000,0x0000000794300000)
  from space 15360K, 96% used [0x0000000795680000,0x0000000796503630,0x0000000796580000)
  to   space 16896K, 0% used [0x0000000794480000,0x0000000794480000,0x0000000795500000)
 ParOldGen       total 128512K, used 23696K [0x0000000706c00000, 0x000000070e980000, 0x0000000782400000)
  object space 128512K, 18% used [0x0000000706c00000,0x00000007083241c0,0x000000070e980000)
 Metaspace       used 46934K, capacity 47788K, committed 48000K, reserved 1091584K
  class space    used 5746K, capacity 5968K, committed 6016K, reserved 1048576K
Event: 48.257 GC heap after
Heap after GC invocations=13 (full 2):
 PSYoungGen      total 312320K, used 16888K [0x0000000782400000, 0x000000079b980000, 0x00000007c0000000)
  eden space 295424K, 0% used [0x0000000782400000,0x0000000782400000,0x0000000794480000)
  from space 16896K, 99% used [0x0000000794480000,0x00000007954fe070,0x0000000795500000)
  to   space 19456K, 0% used [0x000000079a680000,0x000000079a680000,0x000000079b980000)
 ParOldGen       total 128512K, used 26338K [0x0000000706c00000, 0x000000070e980000, 0x0000000782400000)
  object space 128512K, 20% used [0x0000000706c00000,0x00000007085b8ac8,0x000000070e980000)
 Metaspace       used 46934K, capacity 47788K, committed 48000K, reserved 1091584K
  class space    used 5746K, capacity 5968K, committed 6016K, reserved 1048576K
}
Event: 56.613 GC heap before
{Heap before GC invocations=14 (full 2):
 PSYoungGen      total 312320K, used 312312K [0x0000000782400000, 0x000000079b980000, 0x00000007c0000000)
  eden space 295424K, 100% used [0x0000000782400000,0x0000000794480000,0x0000000794480000)
  from space 16896K, 99% used [0x0000000794480000,0x00000007954fe070,0x0000000795500000)
  to   space 19456K, 0% used [0x000000079a680000,0x000000079a680000,0x000000079b980000)
 ParOldGen       total 128512K, used 26338K [0x0000000706c00000, 0x000000070e980000, 0x0000000782400000)
  object space 128512K, 20% used [0x0000000706c00000,0x00000007085b8ac8,0x000000070e980000)
 Metaspace       used 50431K, capacity 51384K, committed 51584K, reserved 1093632K
  class space    used 6269K, capacity 6492K, committed 6528K, reserved 1048576K
Event: 56.710 GC heap after
Heap after GC invocations=14 (full 2):
 PSYoungGen      total 391168K, used 19448K [0x0000000782400000, 0x000000079c680000, 0x00000007c0000000)
  eden space 371712K, 0% used [0x0000000782400000,0x0000000782400000,0x0000000798f00000)
  from space 19456K, 99% used [0x000000079a680000,0x000000079b97e060,0x000000079b980000)
  to   space 24064K, 0% used [0x0000000798f00000,0x0000000798f00000,0x000000079a680000)
 ParOldGen       total 128512K, used 33147K [0x0000000706c00000, 0x000000070e980000, 0x0000000782400000)
  object space 128512K, 25% used [0x0000000706c00000,0x0000000708c5ef08,0x000000070e980000)
 Metaspace       used 50431K, capacity 51384K, committed 51584K, reserved 1093632K
  class space    used 6269K, capacity 6492K, committed 6528K, reserved 1048576K
}
Event: 115.902 GC heap before
{Heap before GC invocations=15 (full 2):
 PSYoungGen      total 391168K, used 280961K [0x0000000782400000, 0x000000079c680000, 0x00000007c0000000)
  eden space 371712K, 70% used [0x0000000782400000,0x0000000792362658,0x0000000798f00000)
  from space 19456K, 99% used [0x000000079a680000,0x000000079b97e060,0x000000079b980000)
  to   space 24064K, 0% used [0x0000000798f00000,0x0000000798f00000,0x000000079a680000)
 ParOldGen       total 128512K, used 33147K [0x0000000706c00000, 0x000000070e980000, 0x0000000782400000)
  object space 128512K, 25% used [0x0000000706c00000,0x0000000708c5ef08,0x000000070e980000)
 Metaspace       used 58071K, capacity 58972K, committed 59096K, reserved 1101824K
  class space    used 7090K, capacity 7278K, committed 7296K, reserved 1048576K
Event: 115.973 GC heap after
Heap after GC invocations=15 (full 2):
 PSYoungGen      total 395776K, used 22514K [0x0000000782400000, 0x00000007a1d80000, 0x00000007c0000000)
  eden space 371712K, 0% used [0x0000000782400000,0x0000000782400000,0x0000000798f00000)
  from space 24064K, 93% used [0x0000000798f00000,0x000000079a4fcb48,0x000000079a680000)
  to   space 26624K, 0% used [0x00000007a0380000,0x00000007a0380000,0x00000007a1d80000)
 ParOldGen       total 128512K, used 37981K [0x0000000706c00000, 0x000000070e980000, 0x0000000782400000)
  object space 128512K, 29% used [0x0000000706c00000,0x0000000709117748,0x000000070e980000)
 Metaspace       used 58071K, capacity 58972K, committed 59096K, reserved 1101824K
  class space    used 7090K, capacity 7278K, committed 7296K, reserved 1048576K
}
Event: 115.974 GC heap before
{Heap before GC invocations=16 (full 3):
 PSYoungGen      total 395776K, used 22514K [0x0000000782400000, 0x00000007a1d80000, 0x00000007c0000000)
  eden space 371712K, 0% used [0x0000000782400000,0x0000000782400000,0x0000000798f00000)
  from space 24064K, 93% used [0x0000000798f00000,0x000000079a4fcb48,0x000000079a680000)
  to   space 26624K, 0% used [0x00000007a0380000,0x00000007a0380000,0x00000007a1d80000)
 ParOldGen       total 128512K, used 37981K [0x0000000706c00000, 0x000000070e980000, 0x0000000782400000)
  object space 128512K, 29% used [0x0000000706c00000,0x0000000709117748,0x000000070e980000)
 Metaspace       used 58071K, capacity 58972K, committed 59096K, reserved 1101824K
  class space    used 7090K, capacity 7278K, committed 7296K, reserved 1048576K
Event: 116.497 GC heap after
Heap after GC invocations=16 (full 3):
 PSYoungGen      total 395776K, used 0K [0x0000000782400000, 0x00000007a1d80000, 0x00000007c0000000)
  eden space 371712K, 0% used [0x0000000782400000,0x0000000782400000,0x0000000798f00000)
  from space 24064K, 0% used [0x0000000798f00000,0x0000000798f00000,0x000000079a680000)
  to   space 26624K, 0% used [0x00000007a0380000,0x00000007a0380000,0x00000007a1d80000)
 ParOldGen       total 186368K, used 46449K [0x0000000706c00000, 0x0000000712200000, 0x0000000782400000)
  object space 186368K, 24% used [0x0000000706c00000,0x000000070995c710,0x0000000712200000)
 Metaspace       used 57944K, capacity 58768K, committed 59096K, reserved 1101824K
  class space    used 7071K, capacity 7244K, committed 7296K, reserved 1048576K
}

